[12684:10552:1018/175635.306:INFO:CONSOLE(0)] "The resource https://i.ytimg.com/generate_204 was preloaded using link preload but not used within a few seconds from the window's load event. Please make sure it has an appropriate `as` value and it is preloaded intentionally.", source: https://www.youtube.com/ (0)
[12684:10552:1018/180123.024:INFO:CONSOLE(0)] "Error with Feature-Policy header: Unrecognized feature: 'speaker'.", source:  (0)
[12684:10552:1018/180125.532:INFO:CONSOLE(0)] "Refused to display 'https://accounts.google.com/ServiceLogin?continue=https%3A%2F%2Fwww.youtube.com%2Fsignin%3Faction_handle_signin%3Dtrue%26app%3Ddesktop%26feature%3Dpassive%26hl%3Dpl%26next%3D%252Fsignin_passive&hl=pl&passive=true&service=youtube&uilel=3' in a frame because it set 'X-Frame-Options' to 'deny'.", source: https://www.youtube.com/watch?v=BGU2X5lrz9M (0)
[12684:10552:1018/180128.538:INFO:CONSOLE(0)] "The resource https://r8---sn-x2pm-f5fs.googlevideo.com/generate_204?conn2 was preloaded using link preload but not used within a few seconds from the window's load event. Please make sure it has an appropriate `as` value and it is preloaded intentionally.", source: https://www.youtube.com/watch?v=BGU2X5lrz9M (0)
[12684:10552:1018/180128.538:INFO:CONSOLE(0)] "The resource https://i.ytimg.com/generate_204 was preloaded using link preload but not used within a few seconds from the window's load event. Please make sure it has an appropriate `as` value and it is preloaded intentionally.", source: https://www.youtube.com/watch?v=BGU2X5lrz9M (0)
[12684:10552:1018/180128.538:INFO:CONSOLE(0)] "The resource https://r8---sn-x2pm-f5fs.googlevideo.com/generate_204 was preloaded using link preload but not used within a few seconds from the window's load event. Please make sure it has an appropriate `as` value and it is preloaded intentionally.", source: https://www.youtube.com/watch?v=BGU2X5lrz9M (0)
[12684:10552:1018/180136.206:INFO:CONSOLE(0)] "The resource https://r3---sn-x2pm-f5fl.googlevideo.com/generate_204 was preloaded using link preload but not used within a few seconds from the window's load event. Please make sure it has an appropriate `as` value and it is preloaded intentionally.", source: https://www.youtube.com/watch?v=d2GBO_QjRlo (0)
[12684:10552:1018/180136.206:INFO:CONSOLE(0)] "The resource https://i.ytimg.com/generate_204 was preloaded using link preload but not used within a few seconds from the window's load event. Please make sure it has an appropriate `as` value and it is preloaded intentionally.", source: https://www.youtube.com/watch?v=d2GBO_QjRlo (0)
[12684:10552:1018/180136.206:INFO:CONSOLE(0)] "The resource https://r3---sn-x2pm-f5fl.googlevideo.com/generate_204?conn2 was preloaded using link preload but not used within a few seconds from the window's load event. Please make sure it has an appropriate `as` value and it is preloaded intentionally.", source: https://www.youtube.com/watch?v=d2GBO_QjRlo (0)
[12684:10552:1018/180136.413:INFO:CONSOLE(0)] "Autofocus processing was blocked because a document's URL has a fragment '#L9'.", source: https://github.com/aj-4/ig-followers/blob/master/main.py#L9 (0)
[12684:10552:1018/181351.699:INFO:CONSOLE(0)] "[DOM] Input elements should have autocomplete attributes (suggested: "current-password"): (More info: https://goo.gl/9p2vKq) %o", source: https://www.instagram.com/ (0)
[12684:10552:1018/182155.702:INFO:CONSOLE(0)] "[DOM] Input elements should have autocomplete attributes (suggested: "current-password"): (More info: https://goo.gl/9p2vKq) %o", source: https://www.instagram.com/madamephobia/ (0)
[12684:10552:1018/182216.590:INFO:CONSOLE(0)] "[DOM] Input elements should have autocomplete attributes (suggested: "current-password"): (More info: https://goo.gl/9p2vKq) %o", source: https://www.instagram.com/ad_ripper/ (0)
[12684:10552:1018/183131.084:INFO:CONSOLE(0)] "[DOM] Input elements should have autocomplete attributes (suggested: "current-password"): (More info: https://goo.gl/9p2vKq) %o", source: https://www.instagram.com/accounts/login/?next=%2F&source=logged_out_half_sheet (0)
[12684:10552:1018/183137.788:INFO:CONSOLE(2005)] "ArtDetector ->  artdetector,in query,false", source: https://zdrowie.wprost.pl/_static/html5-jquery-3.2.1-lightbox-2.6.min-main-zdrowie-article-detector-ads-comments-embed-plugin-recommends-deep.bi-904f6c51bf5aff5595b4fc887e13ac65-content.js (2005)
[12684:10552:1018/183138.090:INFO:CONSOLE(3204)] "deep.event deep_ainit 0", source: https://zdrowie.wprost.pl/_static/html5-jquery-3.2.1-lightbox-2.6.min-main-zdrowie-article-detector-ads-comments-embed-plugin-recommends-deep.bi-904f6c51bf5aff5595b4fc887e13ac65-content.js (3204)
[12684:10552:1018/183138.090:INFO:CONSOLE(3207)] "deep.event > storage [object Object]", source: https://zdrowie.wprost.pl/_static/html5-jquery-3.2.1-lightbox-2.6.min-main-zdrowie-article-detector-ads-comments-embed-plugin-recommends-deep.bi-904f6c51bf5aff5595b4fc887e13ac65-content.js (3207)
[12684:10552:1018/183138.965:INFO:CONSOLE(17)] "user_info_t ok", source: https://zdrowie.wprost.pl/_js/community.js (17)
[12684:10552:1018/183138.985:INFO:CONSOLE(3192)] "deep data [object Object]", source: https://zdrowie.wprost.pl/_static/html5-jquery-3.2.1-lightbox-2.6.min-main-zdrowie-article-detector-ads-comments-embed-plugin-recommends-deep.bi-904f6c51bf5aff5595b4fc887e13ac65-content.js (3192)
[12684:10552:1018/183139.009:INFO:CONSOLE(0)] "[DOM] Input elements should have autocomplete attributes (suggested: "current-password"): (More info: https://goo.gl/9p2vKq) %o", source: https://zdrowie.wprost.pl/odzywianie/10377548/najbardziej-niedoceniane-i-najbardziej-przeceniane-sposoby-na-odpornosc.html (0)
[12684:10552:1018/183139.332:INFO:CONSOLE(3)] "3 Dieta i odchudzanie. Jakie lody można jeść na diecie?", source: https://api.deep.bi/v3/init.js (3)
[12684:10552:1018/183139.339:INFO:CONSOLE(3214)] "deep_user_profile_t 1", source: https://zdrowie.wprost.pl/_static/html5-jquery-3.2.1-lightbox-2.6.min-main-zdrowie-article-detector-ads-comments-embed-plugin-recommends-deep.bi-904f6c51bf5aff5595b4fc887e13ac65-content.js (3214)
[12684:10552:1018/183141.072:INFO:CONSOLE(3)] "3 Jak dbać o odporność? Niedoceniane i przeceniane produkty", source: https://api.deep.bi/v3/init.js (3)
[12684:10552:1018/183141.077:INFO:CONSOLE(3)] "3 Jak dbać o odporność? Niedoceniane i przeceniane produkty", source: https://api.deep.bi/v3/init.js (3)
[12684:10552:1018/183141.079:INFO:CONSOLE(3214)] "deep_user_profile_t 2", source: https://zdrowie.wprost.pl/_static/html5-jquery-3.2.1-lightbox-2.6.min-main-zdrowie-article-detector-ads-comments-embed-plugin-recommends-deep.bi-904f6c51bf5aff5595b4fc887e13ac65-content.js (3214)
[12684:10552:1018/183141.134:INFO:CONSOLE(3)] "Uncaught TypeError: Cannot read property 'title' of undefined", source: https://api.deep.bi/v3/init.js (3)
[12684:10552:1018/183141.139:INFO:CONSOLE(3200)] "deep.event from storage [object Object]", source: https://zdrowie.wprost.pl/_static/html5-jquery-3.2.1-lightbox-2.6.min-main-zdrowie-article-detector-ads-comments-embed-plugin-recommends-deep.bi-904f6c51bf5aff5595b4fc887e13ac65-content.js (3200)
[12684:10552:1018/183141.260:INFO:CONSOLE(3214)] "deep_user_profile_t 3", source: https://zdrowie.wprost.pl/_static/html5-jquery-3.2.1-lightbox-2.6.min-main-zdrowie-article-detector-ads-comments-embed-plugin-recommends-deep.bi-904f6c51bf5aff5595b4fc887e13ac65-content.js (3214)
[12684:10552:1018/183141.269:INFO:CONSOLE(3)] "3 Jak dbać o odporność? Niedoceniane i przeceniane produkty", source: https://api.deep.bi/v3/init.js (3)
[12684:10552:1018/183141.345:INFO:CONSOLE(3224)] "deepbi_user_profile [object Object]", source: https://zdrowie.wprost.pl/_static/html5-jquery-3.2.1-lightbox-2.6.min-main-zdrowie-article-detector-ads-comments-embed-plugin-recommends-deep.bi-904f6c51bf5aff5595b4fc887e13ac65-content.js (3224)
[12684:10552:1018/183141.346:INFO:CONSOLE(131)] "initPaywall [object Object]", source: https://zdrowie.wprost.pl/_js/community.js (131)
[12684:10552:1018/183155.268:INFO:CONSOLE(3)] "3 Jak dbać o odporność? Niedoceniane i przeceniane produkty", source: https://api.deep.bi/v3/init.js (3)
[12684:10552:1018/183201.482:INFO:CONSOLE(178)] "pm-info:VPAIDMain:handshakeVersion() - PM AD MANAGER RELEASE VERSION: 1.2.0", source: https://vpaid.pubmatic.com/ads/video/PMAdMgr.js?adtype=13&pubId=156736&siteId=668128&adId=2686081&vadFmt=2&vapi=2&vminl=1&vmaxl=500&vh=PLAYER_HEIGHT&vw=PLAYER_WIDTH&placement=1&vtype=1&vpos=1&vplay=1+2&vskip=1&vskipdelay=15&vcom=0&vfmt=1+5+6+7&sec=1&gdpr=&gdpr_consent=&schain=SUPPLYCHAIN_GOES_HERE&us_privacy=&kadpageurl=INSERT_ENCODED_PAGEURL_HERE (178)
[12684:10552:1018/183201.482:INFO:CONSOLE(178)] "pm-info:VPAIDMain:handshakeVersion() - Player Version:2.0", source: https://vpaid.pubmatic.com/ads/video/PMAdMgr.js?adtype=13&pubId=156736&siteId=668128&adId=2686081&vadFmt=2&vapi=2&vminl=1&vmaxl=500&vh=PLAYER_HEIGHT&vw=PLAYER_WIDTH&placement=1&vtype=1&vpos=1&vplay=1+2&vskip=1&vskipdelay=15&vcom=0&vfmt=1+5+6+7&sec=1&gdpr=&gdpr_consent=&schain=SUPPLYCHAIN_GOES_HERE&us_privacy=&kadpageurl=INSERT_ENCODED_PAGEURL_HERE (178)
[12684:10552:1018/183201.482:INFO:CONSOLE(178)] "pm-info:into initPreConfiguration method", source: https://vpaid.pubmatic.com/ads/video/PMAdMgr.js?adtype=13&pubId=156736&siteId=668128&adId=2686081&vadFmt=2&vapi=2&vminl=1&vmaxl=500&vh=PLAYER_HEIGHT&vw=PLAYER_WIDTH&placement=1&vtype=1&vpos=1&vplay=1+2&vskip=1&vskipdelay=15&vcom=0&vfmt=1+5+6+7&sec=1&gdpr=&gdpr_consent=&schain=SUPPLYCHAIN_GOES_HERE&us_privacy=&kadpageurl=INSERT_ENCODED_PAGEURL_HERE (178)
[12684:10552:1018/183201.497:INFO:CONSOLE(178)] "pm-info:into initAd method", source: https://vpaid.pubmatic.com/ads/video/PMAdMgr.js?adtype=13&pubId=156736&siteId=668128&adId=2686081&vadFmt=2&vapi=2&vminl=1&vmaxl=500&vh=PLAYER_HEIGHT&vw=PLAYER_WIDTH&placement=1&vtype=1&vpos=1&vplay=1+2&vskip=1&vskipdelay=15&vcom=0&vfmt=1+5+6+7&sec=1&gdpr=&gdpr_consent=&schain=SUPPLYCHAIN_GOES_HERE&us_privacy=&kadpageurl=INSERT_ENCODED_PAGEURL_HERE (178)
[12684:10552:1018/183202.538:INFO:CONSOLE(178)] "pm-info:Inside createQueryString() : QueryString created from adtag variables - adtype=13&pubId=156736&siteId=668128&adId=2686081&vadFmt=2&vapi=2&vminl=1&vmaxl=500&vh=187&vw=335&placement=1&vtype=1&vpos=1&vplay=1+2&vskip=1&vskipdelay=15&vcom=0&vfmt=1+5+7+6&gdpr=0&gdpr_consent=&schain=SUPPLYCHAIN_GOES_HERE&us_privacy=&kadpageurl=INSERT_ENCODED_PAGEURL_HERE&cb=1603038721483", source: https://vpaid.pubmatic.com/ads/video/PMAdMgr.js?adtype=13&pubId=156736&siteId=668128&adId=2686081&vadFmt=2&vapi=2&vminl=1&vmaxl=500&vh=PLAYER_HEIGHT&vw=PLAYER_WIDTH&placement=1&vtype=1&vpos=1&vplay=1+2&vskip=1&vskipdelay=15&vcom=0&vfmt=1+5+6+7&sec=1&gdpr=&gdpr_consent=&schain=SUPPLYCHAIN_GOES_HERE&us_privacy=&kadpageurl=INSERT_ENCODED_PAGEURL_HERE (178)
[12684:10552:1018/183202.539:INFO:CONSOLE(178)] "pm-info:Inside createQueryString() : QueryString created from adtag variables - SAVersion=2&inIframe=1&pageURL=https%253A%252F%252Fzdrowie.wprost.pl%252Fodzywianie%252F10377548%252Fnajbardziej-niedoceniane-i-najbardziej-przeceniane-sposoby-na-odpornosc.html&screenResolution=1366x768&kdntuid=1&vwndh=100&vwndw=100&vwndurl=https%253A%252F%252Fzdrowie.wprost.pl%252Fodzywianie%252F10377548%252Fnajbardziej-niedoceniane-i-najbardziej-przeceniane-sposoby-na-odpornosc.html&vwndref=https%3A%2F%2Fwww.google.pl%2F&vc=2&js=1&sec=1&kltstamp=2020-10-18 18:32:2&ranreq=0.5533309002927038&timezone=2&depth=0", source: https://vpaid.pubmatic.com/ads/video/PMAdMgr.js?adtype=13&pubId=156736&siteId=668128&adId=2686081&vadFmt=2&vapi=2&vminl=1&vmaxl=500&vh=PLAYER_HEIGHT&vw=PLAYER_WIDTH&placement=1&vtype=1&vpos=1&vplay=1+2&vskip=1&vskipdelay=15&vcom=0&vfmt=1+5+6+7&sec=1&gdpr=&gdpr_consent=&schain=SUPPLYCHAIN_GOES_HERE&us_privacy=&kadpageurl=INSERT_ENCODED_PAGEURL_HERE (178)
[12684:10552:1018/183203.062:INFO:CONSOLE(178)] "pm-info:PM AdRequest Time: 1.579secs.", source: https://vpaid.pubmatic.com/ads/video/PMAdMgr.js?adtype=13&pubId=156736&siteId=668128&adId=2686081&vadFmt=2&vapi=2&vminl=1&vmaxl=500&vh=PLAYER_HEIGHT&vw=PLAYER_WIDTH&placement=1&vtype=1&vpos=1&vplay=1+2&vskip=1&vskipdelay=15&vcom=0&vfmt=1+5+6+7&sec=1&gdpr=&gdpr_consent=&schain=SUPPLYCHAIN_GOES_HERE&us_privacy=&kadpageurl=INSERT_ENCODED_PAGEURL_HERE (178)
[12684:10552:1018/183203.840:INFO:CONSOLE(178)] "pm-info:Ad Error Time: 2.357secs.", source: https://vpaid.pubmatic.com/ads/video/PMAdMgr.js?adtype=13&pubId=156736&siteId=668128&adId=2686081&vadFmt=2&vapi=2&vminl=1&vmaxl=500&vh=PLAYER_HEIGHT&vw=PLAYER_WIDTH&placement=1&vtype=1&vpos=1&vplay=1+2&vskip=1&vskipdelay=15&vcom=0&vfmt=1+5+6+7&sec=1&gdpr=&gdpr_consent=&schain=SUPPLYCHAIN_GOES_HERE&us_privacy=&kadpageurl=INSERT_ENCODED_PAGEURL_HERE (178)
[12684:10552:1018/183203.841:INFO:CONSOLE(178)] "pm-info:Total Component Time since player call: 2.54secs.", source: https://vpaid.pubmatic.com/ads/video/PMAdMgr.js?adtype=13&pubId=156736&siteId=668128&adId=2686081&vadFmt=2&vapi=2&vminl=1&vmaxl=500&vh=PLAYER_HEIGHT&vw=PLAYER_WIDTH&placement=1&vtype=1&vpos=1&vplay=1+2&vskip=1&vskipdelay=15&vcom=0&vfmt=1+5+6+7&sec=1&gdpr=&gdpr_consent=&schain=SUPPLYCHAIN_GOES_HERE&us_privacy=&kadpageurl=INSERT_ENCODED_PAGEURL_HERE (178)
[12684:10552:1018/183203.841:INFO:CONSOLE(178)] "pm-error:Invalid/Empty VAST Response from PubMatic Ad Server", source: https://vpaid.pubmatic.com/ads/video/PMAdMgr.js?adtype=13&pubId=156736&siteId=668128&adId=2686081&vadFmt=2&vapi=2&vminl=1&vmaxl=500&vh=PLAYER_HEIGHT&vw=PLAYER_WIDTH&placement=1&vtype=1&vpos=1&vplay=1+2&vskip=1&vskipdelay=15&vcom=0&vfmt=1+5+6+7&sec=1&gdpr=&gdpr_consent=&schain=SUPPLYCHAIN_GOES_HERE&us_privacy=&kadpageurl=INSERT_ENCODED_PAGEURL_HERE (178)
[12684:10552:1018/183225.520:INFO:CONSOLE(3)] "3 Jak dbać o odporność? Niedoceniane i przeceniane produkty", source: https://api.deep.bi/v3/init.js (3)
[12684:10552:1018/183326.263:INFO:CONSOLE(3)] "3 Jak dbać o odporność? Niedoceniane i przeceniane produkty", source: https://api.deep.bi/v3/init.js (3)
[12684:10552:1018/183527.260:INFO:CONSOLE(3)] "3 Jak dbać o odporność? Niedoceniane i przeceniane produkty", source: https://api.deep.bi/v3/init.js (3)
[12684:10552:1018/183625.119:INFO:CONSOLE(0)] "[DOM] Input elements should have autocomplete attributes (suggested: "current-password"): (More info: https://goo.gl/9p2vKq) %o", source: https://www.instagram.com/ (0)
[12684:10552:1018/183634.789:INFO:CONSOLE(6)] "google_DisableInitialLoad is deprecated and will be removed. Please use googletag.pubads().isInitialLoadDisabled() instead to check if initial load has been disabled.", source: https://securepubads.g.doubleclick.net/gpt/pubads_impl_2020101201.js (6)
[12684:10552:1018/183634.943:INFO:CONSOLE(3204)] "deep.event deep_ainit 1", source: https://zdrowie.wprost.pl/_static/html5-jquery-3.2.1-lightbox-2.6.min-main-zdrowie-article-detector-ads-comments-embed-plugin-recommends-deep.bi-904f6c51bf5aff5595b4fc887e13ac65-content.js (3204)
[12684:10552:1018/183634.944:INFO:CONSOLE(3205)] "deep.event [object Object]", source: https://zdrowie.wprost.pl/_static/html5-jquery-3.2.1-lightbox-2.6.min-main-zdrowie-article-detector-ads-comments-embed-plugin-recommends-deep.bi-904f6c51bf5aff5595b4fc887e13ac65-content.js (3205)
[12684:10552:1018/183635.099:INFO:CONSOLE(3)] "3 Jak dbać o odporność? Niedoceniane i przeceniane produkty", source: https://api.deep.bi/v3/init.js (3)
[12684:10552:1018/183635.106:INFO:CONSOLE(3)] "3 Jak dbać o odporność? Niedoceniane i przeceniane produkty", source: https://api.deep.bi/v3/init.js (3)
[12684:10552:1018/183635.123:INFO:CONSOLE(3)] "3 Jak dbać o odporność? Niedoceniane i przeceniane produkty", source: https://api.deep.bi/v3/init.js (3)
[12684:10552:1018/183635.165:INFO:CONSOLE(3)] "3 Jak dbać o odporność? Niedoceniane i przeceniane produkty", source: https://api.deep.bi/v3/init.js (3)
[12684:10552:1018/183635.176:INFO:CONSOLE(3)] "3 Jak dbać o odporność? Niedoceniane i przeceniane produkty", source: https://api.deep.bi/v3/init.js (3)
[12684:10552:1018/183635.188:INFO:CONSOLE(3)] "3 Jak dbać o odporność? Niedoceniane i przeceniane produkty", source: https://api.deep.bi/v3/init.js (3)
[12684:10552:1018/183635.206:INFO:CONSOLE(3)] "3 Jak dbać o odporność? Niedoceniane i przeceniane produkty", source: https://api.deep.bi/v3/init.js (3)
[12684:10552:1018/183635.622:INFO:CONSOLE(3192)] "deep data [object Object]", source: https://zdrowie.wprost.pl/_static/html5-jquery-3.2.1-lightbox-2.6.min-main-zdrowie-article-detector-ads-comments-embed-plugin-recommends-deep.bi-904f6c51bf5aff5595b4fc887e13ac65-content.js (3192)
[12684:10552:1018/183635.625:INFO:CONSOLE(3204)] "deep.event deep_ainit 1", source: https://zdrowie.wprost.pl/_static/html5-jquery-3.2.1-lightbox-2.6.min-main-zdrowie-article-detector-ads-comments-embed-plugin-recommends-deep.bi-904f6c51bf5aff5595b4fc887e13ac65-content.js (3204)
[12684:10552:1018/183635.629:INFO:CONSOLE(3205)] "deep.event [object Object]", source: https://zdrowie.wprost.pl/_static/html5-jquery-3.2.1-lightbox-2.6.min-main-zdrowie-article-detector-ads-comments-embed-plugin-recommends-deep.bi-904f6c51bf5aff5595b4fc887e13ac65-content.js (3205)
[12684:10552:1018/183635.755:INFO:CONSOLE(3192)] "deep data [object Object]", source: https://zdrowie.wprost.pl/_static/html5-jquery-3.2.1-lightbox-2.6.min-main-zdrowie-article-detector-ads-comments-embed-plugin-recommends-deep.bi-904f6c51bf5aff5595b4fc887e13ac65-content.js (3192)
[12684:10552:1018/183635.757:INFO:CONSOLE(3204)] "deep.event deep_ainit 1", source: https://zdrowie.wprost.pl/_static/html5-jquery-3.2.1-lightbox-2.6.min-main-zdrowie-article-detector-ads-comments-embed-plugin-recommends-deep.bi-904f6c51bf5aff5595b4fc887e13ac65-content.js (3204)
[12684:10552:1018/183635.758:INFO:CONSOLE(3205)] "deep.event [object Object]", source: https://zdrowie.wprost.pl/_static/html5-jquery-3.2.1-lightbox-2.6.min-main-zdrowie-article-detector-ads-comments-embed-plugin-recommends-deep.bi-904f6c51bf5aff5595b4fc887e13ac65-content.js (3205)
[12684:10552:1018/183635.890:INFO:CONSOLE(3192)] "deep data [object Object]", source: https://zdrowie.wprost.pl/_static/html5-jquery-3.2.1-lightbox-2.6.min-main-zdrowie-article-detector-ads-comments-embed-plugin-recommends-deep.bi-904f6c51bf5aff5595b4fc887e13ac65-content.js (3192)
[12684:10552:1018/183635.892:INFO:CONSOLE(3204)] "deep.event deep_ainit 1", source: https://zdrowie.wprost.pl/_static/html5-jquery-3.2.1-lightbox-2.6.min-main-zdrowie-article-detector-ads-comments-embed-plugin-recommends-deep.bi-904f6c51bf5aff5595b4fc887e13ac65-content.js (3204)
[12684:10552:1018/183635.893:INFO:CONSOLE(3205)] "deep.event [object Object]", source: https://zdrowie.wprost.pl/_static/html5-jquery-3.2.1-lightbox-2.6.min-main-zdrowie-article-detector-ads-comments-embed-plugin-recommends-deep.bi-904f6c51bf5aff5595b4fc887e13ac65-content.js (3205)
[12684:10552:1018/183635.960:INFO:CONSOLE(3192)] "deep data [object Object]", source: https://zdrowie.wprost.pl/_static/html5-jquery-3.2.1-lightbox-2.6.min-main-zdrowie-article-detector-ads-comments-embed-plugin-recommends-deep.bi-904f6c51bf5aff5595b4fc887e13ac65-content.js (3192)
[12684:10552:1018/183635.962:INFO:CONSOLE(3204)] "deep.event deep_ainit 1", source: https://zdrowie.wprost.pl/_static/html5-jquery-3.2.1-lightbox-2.6.min-main-zdrowie-article-detector-ads-comments-embed-plugin-recommends-deep.bi-904f6c51bf5aff5595b4fc887e13ac65-content.js (3204)
[12684:10552:1018/183635.962:INFO:CONSOLE(3205)] "deep.event [object Object]", source: https://zdrowie.wprost.pl/_static/html5-jquery-3.2.1-lightbox-2.6.min-main-zdrowie-article-detector-ads-comments-embed-plugin-recommends-deep.bi-904f6c51bf5aff5595b4fc887e13ac65-content.js (3205)
[12684:10552:1018/183636.306:INFO:CONSOLE(3192)] "deep data [object Object]", source: https://zdrowie.wprost.pl/_static/html5-jquery-3.2.1-lightbox-2.6.min-main-zdrowie-article-detector-ads-comments-embed-plugin-recommends-deep.bi-904f6c51bf5aff5595b4fc887e13ac65-content.js (3192)
[12684:10552:1018/183636.306:INFO:CONSOLE(3204)] "deep.event deep_ainit 1", source: https://zdrowie.wprost.pl/_static/html5-jquery-3.2.1-lightbox-2.6.min-main-zdrowie-article-detector-ads-comments-embed-plugin-recommends-deep.bi-904f6c51bf5aff5595b4fc887e13ac65-content.js (3204)
[12684:10552:1018/183636.308:INFO:CONSOLE(3205)] "deep.event [object Object]", source: https://zdrowie.wprost.pl/_static/html5-jquery-3.2.1-lightbox-2.6.min-main-zdrowie-article-detector-ads-comments-embed-plugin-recommends-deep.bi-904f6c51bf5aff5595b4fc887e13ac65-content.js (3205)
[12684:10552:1018/183636.409:INFO:CONSOLE(3192)] "deep data [object Object]", source: https://zdrowie.wprost.pl/_static/html5-jquery-3.2.1-lightbox-2.6.min-main-zdrowie-article-detector-ads-comments-embed-plugin-recommends-deep.bi-904f6c51bf5aff5595b4fc887e13ac65-content.js (3192)
[12684:10552:1018/183636.411:INFO:CONSOLE(3204)] "deep.event deep_ainit 1", source: https://zdrowie.wprost.pl/_static/html5-jquery-3.2.1-lightbox-2.6.min-main-zdrowie-article-detector-ads-comments-embed-plugin-recommends-deep.bi-904f6c51bf5aff5595b4fc887e13ac65-content.js (3204)
[12684:10552:1018/183636.412:INFO:CONSOLE(3205)] "deep.event [object Object]", source: https://zdrowie.wprost.pl/_static/html5-jquery-3.2.1-lightbox-2.6.min-main-zdrowie-article-detector-ads-comments-embed-plugin-recommends-deep.bi-904f6c51bf5aff5595b4fc887e13ac65-content.js (3205)
[12684:10552:1018/183636.430:INFO:CONSOLE(3224)] "deepbi_user_profile [object Object]", source: https://zdrowie.wprost.pl/_static/html5-jquery-3.2.1-lightbox-2.6.min-main-zdrowie-article-detector-ads-comments-embed-plugin-recommends-deep.bi-904f6c51bf5aff5595b4fc887e13ac65-content.js (3224)
[12684:10552:1018/183636.431:INFO:CONSOLE(131)] "initPaywall [object Object]", source: https://zdrowie.wprost.pl/_js/community.js (131)
[12684:10552:1018/183636.437:INFO:CONSOLE(3)] "3 Jak dbać o odporność? Niedoceniane i przeceniane produkty", source: https://api.deep.bi/v3/init.js (3)
[12684:10552:1018/183636.527:INFO:CONSOLE(3224)] "deepbi_user_profile [object Object]", source: https://zdrowie.wprost.pl/_static/html5-jquery-3.2.1-lightbox-2.6.min-main-zdrowie-article-detector-ads-comments-embed-plugin-recommends-deep.bi-904f6c51bf5aff5595b4fc887e13ac65-content.js (3224)
[12684:10552:1018/183636.527:INFO:CONSOLE(131)] "initPaywall [object Object]", source: https://zdrowie.wprost.pl/_js/community.js (131)
[12684:10552:1018/183636.532:INFO:CONSOLE(3)] "3 Jak dbać o odporność? Niedoceniane i przeceniane produkty", source: https://api.deep.bi/v3/init.js (3)
[12684:10552:1018/183636.606:INFO:CONSOLE(3224)] "deepbi_user_profile [object Object]", source: https://zdrowie.wprost.pl/_static/html5-jquery-3.2.1-lightbox-2.6.min-main-zdrowie-article-detector-ads-comments-embed-plugin-recommends-deep.bi-904f6c51bf5aff5595b4fc887e13ac65-content.js (3224)
[12684:10552:1018/183636.607:INFO:CONSOLE(131)] "initPaywall [object Object]", source: https://zdrowie.wprost.pl/_js/community.js (131)
[12684:10552:1018/183636.611:INFO:CONSOLE(3)] "3 Jak dbać o odporność? Niedoceniane i przeceniane produkty", source: https://api.deep.bi/v3/init.js (3)
[12684:10552:1018/183636.625:INFO:CONSOLE(3224)] "deepbi_user_profile [object Object]", source: https://zdrowie.wprost.pl/_static/html5-jquery-3.2.1-lightbox-2.6.min-main-zdrowie-article-detector-ads-comments-embed-plugin-recommends-deep.bi-904f6c51bf5aff5595b4fc887e13ac65-content.js (3224)
[12684:10552:1018/183636.625:INFO:CONSOLE(131)] "initPaywall [object Object]", source: https://zdrowie.wprost.pl/_js/community.js (131)
[12684:10552:1018/183636.638:INFO:CONSOLE(3)] "3 Jak dbać o odporność? Niedoceniane i przeceniane produkty", source: https://api.deep.bi/v3/init.js (3)
[12684:10552:1018/183636.709:INFO:CONSOLE(3224)] "deepbi_user_profile [object Object]", source: https://zdrowie.wprost.pl/_static/html5-jquery-3.2.1-lightbox-2.6.min-main-zdrowie-article-detector-ads-comments-embed-plugin-recommends-deep.bi-904f6c51bf5aff5595b4fc887e13ac65-content.js (3224)
[12684:10552:1018/183636.709:INFO:CONSOLE(131)] "initPaywall [object Object]", source: https://zdrowie.wprost.pl/_js/community.js (131)
[12684:10552:1018/183636.832:INFO:CONSOLE(3224)] "deepbi_user_profile [object Object]", source: https://zdrowie.wprost.pl/_static/html5-jquery-3.2.1-lightbox-2.6.min-main-zdrowie-article-detector-ads-comments-embed-plugin-recommends-deep.bi-904f6c51bf5aff5595b4fc887e13ac65-content.js (3224)
[12684:10552:1018/183636.832:INFO:CONSOLE(131)] "initPaywall [object Object]", source: https://zdrowie.wprost.pl/_js/community.js (131)
[12684:10552:1018/183636.853:INFO:CONSOLE(420)] "Powered by AMP ⚡ HTML – Version 2009282107000 https://zdrowie.wprost.pl/odzywianie/10377548/najbardziej-niedoceniane-i-najbardziej-przeceniane-sposoby-na-odpornosc.html", source: https://cdn.ampproject.org/rtv/012009282107000/amp4ads-v0.js (420)
[12684:10552:1018/183637.113:INFO:CONSOLE(420)] "Powered by AMP ⚡ HTML – Version 2009282107000 https://zdrowie.wprost.pl/odzywianie/10377548/najbardziej-niedoceniane-i-najbardziej-przeceniane-sposoby-na-odpornosc.html", source: https://cdn.ampproject.org/rtv/012009282107000/amp4ads-v0.js (420)
[12684:10552:1018/183637.772:INFO:CONSOLE(3)] "3 Jak dbać o odporność? Niedoceniane i przeceniane produkty", source: https://api.deep.bi/v3/init.js (3)
[12684:10552:1018/183637.785:INFO:CONSOLE(3)] "3 Jak dbać o odporność? Niedoceniane i przeceniane produkty", source: https://api.deep.bi/v3/init.js (3)
[12684:10552:1018/183637.942:INFO:CONSOLE(3200)] "deep.event from storage [object Object]", source: https://zdrowie.wprost.pl/_static/html5-jquery-3.2.1-lightbox-2.6.min-main-zdrowie-article-detector-ads-comments-embed-plugin-recommends-deep.bi-904f6c51bf5aff5595b4fc887e13ac65-content.js (3200)
[12684:10552:1018/183637.990:INFO:CONSOLE(3200)] "deep.event from storage [object Object]", source: https://zdrowie.wprost.pl/_static/html5-jquery-3.2.1-lightbox-2.6.min-main-zdrowie-article-detector-ads-comments-embed-plugin-recommends-deep.bi-904f6c51bf5aff5595b4fc887e13ac65-content.js (3200)
[12684:10552:1018/183637.991:INFO:CONSOLE(3200)] "deep.event from storage [object Object]", source: https://zdrowie.wprost.pl/_static/html5-jquery-3.2.1-lightbox-2.6.min-main-zdrowie-article-detector-ads-comments-embed-plugin-recommends-deep.bi-904f6c51bf5aff5595b4fc887e13ac65-content.js (3200)
[12684:10552:1018/183637.993:INFO:CONSOLE(3200)] "deep.event from storage [object Object]", source: https://zdrowie.wprost.pl/_static/html5-jquery-3.2.1-lightbox-2.6.min-main-zdrowie-article-detector-ads-comments-embed-plugin-recommends-deep.bi-904f6c51bf5aff5595b4fc887e13ac65-content.js (3200)
[12684:10552:1018/183638.148:INFO:CONSOLE(420)] "Powered by AMP ⚡ HTML – Version 2009282107000 https://zdrowie.wprost.pl/odzywianie/10377548/najbardziej-niedoceniane-i-najbardziej-przeceniane-sposoby-na-odpornosc.html", source: https://cdn.ampproject.org/rtv/012009282107000/amp4ads-v0.js (420)
[12684:10552:1018/183638.251:INFO:CONSOLE(3200)] "deep.event from storage [object Object]", source: https://zdrowie.wprost.pl/_static/html5-jquery-3.2.1-lightbox-2.6.min-main-zdrowie-article-detector-ads-comments-embed-plugin-recommends-deep.bi-904f6c51bf5aff5595b4fc887e13ac65-content.js (3200)
[12684:10552:1018/183638.254:INFO:CONSOLE(3200)] "deep.event from storage [object Object]", source: https://zdrowie.wprost.pl/_static/html5-jquery-3.2.1-lightbox-2.6.min-main-zdrowie-article-detector-ads-comments-embed-plugin-recommends-deep.bi-904f6c51bf5aff5595b4fc887e13ac65-content.js (3200)
[12684:10552:1018/183638.299:INFO:CONSOLE(3)] "3 Jak dbać o odporność? Niedoceniane i przeceniane produkty", source: https://api.deep.bi/v3/init.js (3)
[12684:10552:1018/183638.342:INFO:CONSOLE(3)] "3 Jak dbać o odporność? Niedoceniane i przeceniane produkty", source: https://api.deep.bi/v3/init.js (3)
[12684:10552:1018/183638.358:INFO:CONSOLE(3)] "3 Jak dbać o odporność? Niedoceniane i przeceniane produkty", source: https://api.deep.bi/v3/init.js (3)
[12684:10552:1018/183638.372:INFO:CONSOLE(3)] "3 Jak dbać o odporność? Niedoceniane i przeceniane produkty", source: https://api.deep.bi/v3/init.js (3)
[12684:10552:1018/183639.265:INFO:CONSOLE(3)] "3 Jak dbać o odporność? Niedoceniane i przeceniane produkty", source: https://api.deep.bi/v3/init.js (3)
[12684:10552:1018/183639.283:INFO:CONSOLE(3)] "3 Jak dbać o odporność? Niedoceniane i przeceniane produkty", source: https://api.deep.bi/v3/init.js (3)
[12684:10552:1018/183650.262:INFO:CONSOLE(3)] "3 Jak dbać o odporność? Niedoceniane i przeceniane produkty", source: https://api.deep.bi/v3/init.js (3)
[12684:10552:1018/183721.260:INFO:CONSOLE(3)] "3 Jak dbać o odporność? Niedoceniane i przeceniane produkty", source: https://api.deep.bi/v3/init.js (3)
[12684:10552:1018/183822.266:INFO:CONSOLE(3)] "3 Jak dbać o odporność? Niedoceniane i przeceniane produkty", source: https://api.deep.bi/v3/init.js (3)
[12684:10552:1018/184023.277:INFO:CONSOLE(3)] "3 Jak dbać o odporność? Niedoceniane i przeceniane produkty", source: https://api.deep.bi/v3/init.js (3)
[12684:10552:1018/184208.849:INFO:CONSOLE(0)] "Error with Feature-Policy header: Unrecognized feature: 'speaker'.", source:  (0)
[12684:10552:1018/184408.033:INFO:CONSOLE(0)] "[DOM] Input elements should have autocomplete attributes (suggested: "current-password"): (More info: https://goo.gl/9p2vKq) %o", source: https://accounts.google.com/ServiceLogin?continue=https%3A%2F%2Fmail.google.com%2Fmail%2F&service=mail&sacu=1&rip=1 (0)
[12684:10552:1018/184424.265:INFO:CONSOLE(3)] "3 Jak dbać o odporność? Niedoceniane i przeceniane produkty", source: https://api.deep.bi/v3/init.js (3)
[12684:10552:1018/185225.263:INFO:CONSOLE(3)] "3 Jak dbać o odporność? Niedoceniane i przeceniane produkty", source: https://api.deep.bi/v3/init.js (3)
[12684:10552:1018/190819.793:WARNING:pref_notifier_impl.cc(40)] Pref observer for media_router.cast_allow_all_ips found at shutdown.
